# JRE version: Java(TM) SE Runtime Environment (21.0.7+8) (build 21.0.7+8-LTS-245)
# Java VM: Java HotSpot(TM) 64-Bit Server VM (21.0.7+8-LTS-245, mixed mode, sharing, tiered, compressed oops, compressed class ptrs, g1 gc, windows-amd64)
GC Precious Log:
 CardTable entry size: 512
 Card Set container configuration: InlinePtr #cards 5 size 8 Array Of Cards #cards 12 size 40 Howl #buckets 4 coarsen threshold 1843 Howl Bitmap #cards 512 size 80 coarsen threshold 460 Card regions per heap region 1 cards per card region 2048
 CPUs: 12 total, 12 available
 Memory: 7876M
 Large Page Support: Disabled
 NUMA Support: Disabled
 Compressed Oops: Enabled (32-bit)
 Heap Region Size: 1M
 Heap Min Capacity: 8M
 Heap Initial Capacity: 124M
 Heap Max Capacity: 1970M
 Pre-touch: Disabled
 Parallel Workers: 10
 Concurrent Workers: 3
 Concurrent Refinement Workers: 10
 Periodic GC: Disabled
Heap:
 garbage-first heap   total 119808K, used 54351K [0x0000000084e00000, 0x0000000100000000)
  region size 1024K, 27 young (27648K), 11 survivors (11264K)
 Metaspace       used 28554K, committed 28928K, reserved 1114112K
  class space    used 3190K, committed 3392K, reserved 1048576K
GC Heap History (12 events):
Event: 1.385 GC heap before
{Heap before GC invocations=0 (full 0):
 garbage-first heap   total 126976K, used 22528K [0x0000000084e00000, 0x0000000100000000)
  region size 1024K, 23 young (23552K), 0 survivors (0K)
 Metaspace       used 5610K, committed 5824K, reserved 1114112K
  class space    used 648K, committed 768K, reserved 1048576K
}
Event: 1.400 GC heap after
{Heap after GC invocations=1 (full 0):
 garbage-first heap   total 126976K, used 3672K [0x0000000084e00000, 0x0000000100000000)
  region size 1024K, 3 young (3072K), 3 survivors (3072K)
 Metaspace       used 5610K, committed 5824K, reserved 1114112K
  class space    used 648K, committed 768K, reserved 1048576K
}
Event: 2.523 GC heap before
{Heap before GC invocations=1 (full 0):
 garbage-first heap   total 126976K, used 34392K [0x0000000084e00000, 0x0000000100000000)
  region size 1024K, 33 young (33792K), 3 survivors (3072K)
 Metaspace       used 8411K, committed 8576K, reserved 1114112K
  class space    used 992K, committed 1088K, reserved 1048576K
}
Event: 2.533 GC heap after
{Heap after GC invocations=2 (full 0):
 garbage-first heap   total 126976K, used 5303K [0x0000000084e00000, 0x0000000100000000)
  region size 1024K, 2 young (2048K), 2 survivors (2048K)
 Metaspace       used 8411K, committed 8576K, reserved 1114112K
  class space    used 992K, committed 1088K, reserved 1048576K
}
Event: 6.959 GC heap before
{Heap before GC invocations=2 (full 0):
 garbage-first heap   total 126976K, used 78007K [0x0000000084e00000, 0x0000000100000000)
  region size 1024K, 74 young (75776K), 2 survivors (2048K)
 Metaspace       used 15794K, committed 16064K, reserved 1114112K
  class space    used 1844K, committed 1984K, reserved 1048576K
}
Event: 6.987 GC heap after
{Heap after GC invocations=3 (full 0):
 garbage-first heap   total 126976K, used 13464K [0x0000000084e00000, 0x0000000100000000)
  region size 1024K, 10 young (10240K), 10 survivors (10240K)
 Metaspace       used 15794K, committed 16064K, reserved 1114112K
  class space    used 1844K, committed 1984K, reserved 1048576K
}
Event: 9.930 GC heap before
{Heap before GC invocations=3 (full 0):
 garbage-first heap   total 139264K, used 122008K [0x0000000084e00000, 0x0000000100000000)
  region size 1024K, 65 young (66560K), 10 survivors (10240K)
 Metaspace       used 17388K, committed 17728K, reserved 1114112K
  class space    used 1980K, committed 2112K, reserved 1048576K
}
Event: 9.952 GC heap after
{Heap after GC invocations=4 (full 0):
 garbage-first heap   total 139264K, used 36116K [0x0000000084e00000, 0x0000000100000000)
  region size 1024K, 3 young (3072K), 3 survivors (3072K)
 Metaspace       used 17388K, committed 17728K, reserved 1114112K
  class space    used 1980K, committed 2112K, reserved 1048576K
}
Event: 12.174 GC heap before
{Heap before GC invocations=4 (full 0):
 garbage-first heap   total 139264K, used 88340K [0x0000000084e00000, 0x0000000100000000)
  region size 1024K, 36 young (36864K), 3 survivors (3072K)
 Metaspace       used 21224K, committed 21504K, reserved 1114112K
  class space    used 2449K, committed 2560K, reserved 1048576K
}
Event: 12.186 GC heap after
{Heap after GC invocations=5 (full 0):
 garbage-first heap   total 139264K, used 26900K [0x0000000084e00000, 0x0000000100000000)
  region size 1024K, 8 young (8192K), 8 survivors (8192K)
 Metaspace       used 21224K, committed 21504K, reserved 1114112K
  class space    used 2449K, committed 2560K, reserved 1048576K
}
Event: 15.436 GC heap before
{Heap before GC invocations=6 (full 0):
 garbage-first heap   total 96256K, used 94484K [0x0000000084e00000, 0x0000000100000000)
  region size 1024K, 74 young (75776K), 8 survivors (8192K)
 Metaspace       used 27800K, committed 28160K, reserved 1114112K
  class space    used 3103K, committed 3264K, reserved 1048576K
}
Event: 15.490 GC heap after
{Heap after GC invocations=7 (full 0):
 garbage-first heap   total 119808K, used 40015K [0x0000000084e00000, 0x0000000100000000)
  region size 1024K, 11 young (11264K), 11 survivors (11264K)
 Metaspace       used 27800K, committed 28160K, reserved 1114112K
  class space    used 3103K, committed 3264K, reserved 1048576K
}

